# JRE version: Java(TM) SE Runtime Environment (8.0-b132) (build 1.8.0-b132)
# Java VM: Java HotSpot(TM) 64-Bit Server VM (25.0-b70 mixed mode windows-amd64 compressed oops)
Heap:
 PSYoungGen      total 20992K, used 17247K [0x000000076af80000, 0x000000076c600000, 0x00000007c0000000)
  eden space 18944K, 82% used [0x000000076af80000,0x000000076bec7af0,0x000000076c200000)
  from space 2048K, 78% used [0x000000076c400000,0x000000076c5903a0,0x000000076c600000)
  to   space 2048K, 0% used [0x000000076c200000,0x000000076c200000,0x000000076c400000)
 ParOldGen       total 260608K, used 3191K [0x00000006c0e00000, 0x00000006d0c80000, 0x000000076af80000)
  object space 260608K, 1% used [0x00000006c0e00000,0x00000006c111dcf0,0x00000006d0c80000)
 Metaspace       used 11869K, capacity 12058K, committed 12416K, reserved 1060864K
  class space    used 1497K, capacity 1540K, committed 1664K, reserved 1048576K
GC Heap History (10 events):
Event: 0.291 GC heap before
{Heap before GC invocations=8 (full 0):
 PSYoungGen      total 5120K, used 4562K [0x000000076af80000, 0x000000076b980000, 0x00000007c0000000)
  eden space 3584K, 99% used [0x000000076af80000,0x000000076b2ff990,0x000000076b300000)
  from space 1536K, 63% used [0x000000076b300000,0x000000076b3f4e80,0x000000076b480000)
  to   space 1536K, 0% used [0x000000076b800000,0x000000076b800000,0x000000076b980000)
 ParOldGen       total 260608K, used 1271K [0x00000006c0e00000, 0x00000006d0c80000, 0x000000076af80000)
  object space 260608K, 0% used [0x00000006c0e00000,0x00000006c0f3deb8,0x00000006d0c80000)
 Metaspace       used 6490K, capacity 6588K, committed 6784K, reserved 1056768K
  class space    used 802K, capacity 856K, committed 896K, reserved 1048576K
Event: 0.292 GC heap after
Heap after GC invocations=8 (full 0):
 PSYoungGen      total 8704K, used 877K [0x000000076af80000, 0x000000076b980000, 0x00000007c0000000)
  eden space 7168K, 0% used [0x000000076af80000,0x000000076af80000,0x000000076b680000)
  from space 1536K, 57% used [0x000000076b800000,0x000000076b8db430,0x000000076b980000)
  to   space 1536K, 0% used [0x000000076b680000,0x000000076b680000,0x000000076b800000)
 ParOldGen       total 260608K, used 1447K [0x00000006c0e00000, 0x00000006d0c80000, 0x000000076af80000)
  object space 260608K, 0% used [0x00000006c0e00000,0x00000006c0f69eb8,0x00000006d0c80000)
 Metaspace       used 6490K, capacity 6588K, committed 6784K, reserved 1056768K
  class space    used 802K, capacity 856K, committed 896K, reserved 1048576K
}
Event: 0.378 GC heap before
{Heap before GC invocations=9 (full 0):
 PSYoungGen      total 8704K, used 8045K [0x000000076af80000, 0x000000076b980000, 0x00000007c0000000)
  eden space 7168K, 100% used [0x000000076af80000,0x000000076b680000,0x000000076b680000)
  from space 1536K, 57% used [0x000000076b800000,0x000000076b8db430,0x000000076b980000)
  to   space 1536K, 0% used [0x000000076b680000,0x000000076b680000,0x000000076b800000)
 ParOldGen       total 260608K, used 1447K [0x00000006c0e00000, 0x00000006d0c80000, 0x000000076af80000)
  object space 260608K, 0% used [0x00000006c0e00000,0x00000006c0f69eb8,0x00000006d0c80000)
 Metaspace       used 6670K, capacity 6812K, committed 7040K, reserved 1056768K
  class space    used 835K, capacity 888K, committed 896K, reserved 1048576K
Event: 0.379 GC heap after
Heap after GC invocations=9 (full 0):
 PSYoungGen      total 8704K, used 759K [0x000000076af80000, 0x000000076be00000, 0x00000007c0000000)
  eden space 7168K, 0% used [0x000000076af80000,0x000000076af80000,0x000000076b680000)
  from space 1536K, 49% used [0x000000076b680000,0x000000076b73de90,0x000000076b800000)
  to   space 1536K, 0% used [0x000000076bc80000,0x000000076bc80000,0x000000076be00000)
 ParOldGen       total 260608K, used 1575K [0x00000006c0e00000, 0x00000006d0c80000, 0x000000076af80000)
  object space 260608K, 0% used [0x00000006c0e00000,0x00000006c0f89eb8,0x00000006d0c80000)
 Metaspace       used 6670K, capacity 6812K, committed 7040K, reserved 1056768K
  class space    used 835K, capacity 888K, committed 896K, reserved 1048576K
}
Event: 0.457 GC heap before
{Heap before GC invocations=10 (full 0):
 PSYoungGen      total 8704K, used 7927K [0x000000076af80000, 0x000000076be00000, 0x00000007c0000000)
  eden space 7168K, 100% used [0x000000076af80000,0x000000076b680000,0x000000076b680000)
  from space 1536K, 49% used [0x000000076b680000,0x000000076b73de90,0x000000076b800000)
  to   space 1536K, 0% used [0x000000076bc80000,0x000000076bc80000,0x000000076be00000)
 ParOldGen       total 260608K, used 1575K [0x00000006c0e00000, 0x00000006d0c80000, 0x000000076af80000)
  object space 260608K, 0% used [0x00000006c0e00000,0x00000006c0f89eb8,0x00000006d0c80000)
 Metaspace       used 6987K, capacity 7138K, committed 7424K, reserved 1056768K
  class space    used 886K, capacity 953K, committed 1024K, reserved 1048576K
Event: 0.459 GC heap after
Heap after GC invocations=10 (full 0):
 PSYoungGen      total 13312K, used 722K [0x000000076af80000, 0x000000076be00000, 0x00000007c0000000)
  eden space 11776K, 0% used [0x000000076af80000,0x000000076af80000,0x000000076bb00000)
  from space 1536K, 47% used [0x000000076bc80000,0x000000076bd34b00,0x000000076be00000)
  to   space 1536K, 0% used [0x000000076bb00000,0x000000076bb00000,0x000000076bc80000)
 ParOldGen       total 260608K, used 1823K [0x00000006c0e00000, 0x00000006d0c80000, 0x000000076af80000)
  object space 260608K, 0% used [0x00000006c0e00000,0x00000006c0fc7ed8,0x00000006d0c80000)
 Metaspace       used 6987K, capacity 7138K, committed 7424K, reserved 1056768K
  class space    used 886K, capacity 953K, committed 1024K, reserved 1048576K
}
Event: 0.597 GC heap before
{Heap before GC invocations=11 (full 0):
 PSYoungGen      total 13312K, used 12498K [0x000000076af80000, 0x000000076be00000, 0x00000007c0000000)
  eden space 11776K, 100% used [0x000000076af80000,0x000000076bb00000,0x000000076bb00000)
  from space 1536K, 47% used [0x000000076bc80000,0x000000076bd34b00,0x000000076be00000)
  to   space 1536K, 0% used [0x000000076bb00000,0x000000076bb00000,0x000000076bc80000)
 ParOldGen       total 260608K, used 1823K [0x00000006c0e00000, 0x00000006d0c80000, 0x000000076af80000)
  object space 260608K, 0% used [0x00000006c0e00000,0x00000006c0fc7ed8,0x00000006d0c80000)
 Metaspace       used 8441K, capacity 8578K, committed 8832K, reserved 1056768K
  class space    used 1089K, capacity 1150K, committed 1152K, reserved 1048576K
Event: 0.599 GC heap after
Heap after GC invocations=11 (full 0):
 PSYoungGen      total 13312K, used 1509K [0x000000076af80000, 0x000000076c600000, 0x00000007c0000000)
  eden space 11776K, 0% used [0x000000076af80000,0x000000076af80000,0x000000076bb00000)
  from space 1536K, 98% used [0x000000076bb00000,0x000000076bc79608,0x000000076bc80000)
  to   space 2048K, 0% used [0x000000076c400000,0x000000076c400000,0x000000076c600000)
 ParOldGen       total 260608K, used 2539K [0x00000006c0e00000, 0x00000006d0c80000, 0x000000076af80000)
  object space 260608K, 0% used [0x00000006c0e00000,0x00000006c107acc0,0x00000006d0c80000)
 Metaspace       used 8441K, capacity 8578K, committed 8832K, reserved 1056768K
  class space    used 1089K, capacity 1150K, committed 1152K, reserved 1048576K
}
Event: 0.708 GC heap before
{Heap before GC invocations=12 (full 0):
 PSYoungGen      total 13312K, used 13285K [0x000000076af80000, 0x000000076c600000, 0x00000007c0000000)
  eden space 11776K, 100% used [0x000000076af80000,0x000000076bb00000,0x000000076bb00000)
  from space 1536K, 98% used [0x000000076bb00000,0x000000076bc79608,0x000000076bc80000)
  to   space 2048K, 0% used [0x000000076c400000,0x000000076c400000,0x000000076c600000)
 ParOldGen       total 260608K, used 2539K [0x00000006c0e00000, 0x00000006d0c80000, 0x000000076af80000)
  object space 260608K, 0% used [0x00000006c0e00000,0x00000006c107acc0,0x00000006d0c80000)
 Metaspace       used 9553K, capacity 9762K, committed 10112K, reserved 1058816K
  class space    used 1239K, capacity 1310K, committed 1408K, reserved 1048576K
Event: 0.710 GC heap after
Heap after GC invocations=12 (full 0):
 PSYoungGen      total 20992K, used 1600K [0x000000076af80000, 0x000000076c600000, 0x00000007c0000000)
  eden space 18944K, 0% used [0x000000076af80000,0x000000076af80000,0x000000076c200000)
  from space 2048K, 78% used [0x000000076c400000,0x000000076c5903a0,0x000000076c600000)
  to   space 2048K, 0% used [0x000000076c200000,0x000000076c200000,0x000000076c400000)
 ParOldGen       total 260608K, used 3191K [0x00000006c0e00000, 0x00000006d0c80000, 0x000000076af80000)
  object space 260608K, 1% used [0x00000006c0e00000,0x00000006c111dcf0,0x00000006d0c80000)
 Metaspace       used 9553K, capacity 9762K, committed 10112K, reserved 1058816K
  class space    used 1239K, capacity 1310K, committed 1408K, reserved 1048576K
}

