# JRE version: Java(TM) SE Runtime Environment (8.0-b132) (build 1.8.0-b132)
# Java VM: Java HotSpot(TM) 64-Bit Server VM (25.0-b70 mixed mode windows-amd64 compressed oops)
Heap:
 PSYoungGen      total 52224K, used 14909K [0x000000076af80000, 0x000000076fa00000, 0x00000007c0000000)
  eden space 49152K, 24% used [0x000000076af80000,0x000000076bb13118,0x000000076df80000)
  from space 3072K, 99% used [0x000000076df80000,0x000000076e27c3e8,0x000000076e280000)
  to   space 3584K, 0% used [0x000000076f680000,0x000000076f680000,0x000000076fa00000)
 ParOldGen       total 260608K, used 10071K [0x00000006c0e00000, 0x00000006d0c80000, 0x000000076af80000)
  object space 260608K, 3% used [0x00000006c0e00000,0x00000006c17d5fe8,0x00000006d0c80000)
 Metaspace       used 14737K, capacity 15208K, committed 15488K, reserved 1062912K
  class space    used 1765K, capacity 1903K, committed 1920K, reserved 1048576K
GC Heap History (10 events):
Event: 0.931 GC heap before
{Heap before GC invocations=13 (full 0):
 PSYoungGen      total 20992K, used 20573K [0x000000076af80000, 0x000000076c600000, 0x00000007c0000000)
  eden space 18944K, 100% used [0x000000076af80000,0x000000076c200000,0x000000076c200000)
  from space 2048K, 79% used [0x000000076c400000,0x000000076c5975a8,0x000000076c600000)
  to   space 2048K, 0% used [0x000000076c200000,0x000000076c200000,0x000000076c400000)
 ParOldGen       total 260608K, used 3222K [0x00000006c0e00000, 0x00000006d0c80000, 0x000000076af80000)
  object space 260608K, 1% used [0x00000006c0e00000,0x00000006c11259d0,0x00000006d0c80000)
 Metaspace       used 12130K, capacity 12356K, committed 12672K, reserved 1060864K
  class space    used 1521K, capacity 1577K, committed 1664K, reserved 1048576K
Event: 0.936 GC heap after
Heap after GC invocations=13 (full 0):
 PSYoungGen      total 20992K, used 2036K [0x000000076af80000, 0x000000076d380000, 0x00000007c0000000)
  eden space 18944K, 0% used [0x000000076af80000,0x000000076af80000,0x000000076c200000)
  from space 2048K, 99% used [0x000000076c200000,0x000000076c3fd038,0x000000076c400000)
  to   space 3072K, 0% used [0x000000076d080000,0x000000076d080000,0x000000076d380000)
 ParOldGen       total 260608K, used 4902K [0x00000006c0e00000, 0x00000006d0c80000, 0x000000076af80000)
  object space 260608K, 1% used [0x00000006c0e00000,0x00000006c12c9930,0x00000006d0c80000)
 Metaspace       used 12130K, capacity 12356K, committed 12672K, reserved 1060864K
  class space    used 1521K, capacity 1577K, committed 1664K, reserved 1048576K
}
Event: 1.111 GC heap before
{Heap before GC invocations=14 (full 0):
 PSYoungGen      total 20992K, used 20980K [0x000000076af80000, 0x000000076d380000, 0x00000007c0000000)
  eden space 18944K, 100% used [0x000000076af80000,0x000000076c200000,0x000000076c200000)
  from space 2048K, 99% used [0x000000076c200000,0x000000076c3fd038,0x000000076c400000)
  to   space 3072K, 0% used [0x000000076d080000,0x000000076d080000,0x000000076d380000)
 ParOldGen       total 260608K, used 4902K [0x00000006c0e00000, 0x00000006d0c80000, 0x000000076af80000)
  object space 260608K, 1% used [0x00000006c0e00000,0x00000006c12c9930,0x00000006d0c80000)
 Metaspace       used 12404K, capacity 12650K, committed 12928K, reserved 1060864K
  class space    used 1543K, capacity 1610K, committed 1664K, reserved 1048576K
Event: 1.113 GC heap after
Heap after GC invocations=14 (full 0):
 PSYoungGen      total 33792K, used 1723K [0x000000076af80000, 0x000000076d380000, 0x00000007c0000000)
  eden space 30720K, 0% used [0x000000076af80000,0x000000076af80000,0x000000076cd80000)
  from space 3072K, 56% used [0x000000076d080000,0x000000076d22ec80,0x000000076d380000)
  to   space 3072K, 0% used [0x000000076cd80000,0x000000076cd80000,0x000000076d080000)
 ParOldGen       total 260608K, used 6399K [0x00000006c0e00000, 0x00000006d0c80000, 0x000000076af80000)
  object space 260608K, 2% used [0x00000006c0e00000,0x00000006c143ffe8,0x00000006d0c80000)
 Metaspace       used 12404K, capacity 12650K, committed 12928K, reserved 1060864K
  class space    used 1543K, capacity 1610K, committed 1664K, reserved 1048576K
}
Event: 1.583 GC heap before
{Heap before GC invocations=15 (full 0):
 PSYoungGen      total 33792K, used 32443K [0x000000076af80000, 0x000000076d380000, 0x00000007c0000000)
  eden space 30720K, 100% used [0x000000076af80000,0x000000076cd80000,0x000000076cd80000)
  from space 3072K, 56% used [0x000000076d080000,0x000000076d22ec80,0x000000076d380000)
  to   space 3072K, 0% used [0x000000076cd80000,0x000000076cd80000,0x000000076d080000)
 ParOldGen       total 260608K, used 6399K [0x00000006c0e00000, 0x00000006d0c80000, 0x000000076af80000)
  object space 260608K, 2% used [0x00000006c0e00000,0x00000006c143ffe8,0x00000006d0c80000)
 Metaspace       used 12865K, capacity 13178K, committed 13440K, reserved 1060864K
  class space    used 1589K, capacity 1654K, committed 1664K, reserved 1048576K
Event: 1.589 GC heap after
Heap after GC invocations=15 (full 0):
 PSYoungGen      total 33792K, used 1792K [0x000000076af80000, 0x000000076e580000, 0x00000007c0000000)
  eden space 30720K, 0% used [0x000000076af80000,0x000000076af80000,0x000000076cd80000)
  from space 3072K, 58% used [0x000000076cd80000,0x000000076cf40000,0x000000076d080000)
  to   space 3072K, 0% used [0x000000076e280000,0x000000076e280000,0x000000076e580000)
 ParOldGen       total 260608K, used 7639K [0x00000006c0e00000, 0x00000006d0c80000, 0x000000076af80000)
  object space 260608K, 2% used [0x00000006c0e00000,0x00000006c1575fe8,0x00000006d0c80000)
 Metaspace       used 12865K, capacity 13178K, committed 13440K, reserved 1060864K
  class space    used 1589K, capacity 1654K, committed 1664K, reserved 1048576K
}
Event: 1.775 GC heap before
{Heap before GC invocations=16 (full 0):
 PSYoungGen      total 33792K, used 32512K [0x000000076af80000, 0x000000076e580000, 0x00000007c0000000)
  eden space 30720K, 100% used [0x000000076af80000,0x000000076cd80000,0x000000076cd80000)
  from space 3072K, 58% used [0x000000076cd80000,0x000000076cf40000,0x000000076d080000)
  to   space 3072K, 0% used [0x000000076e280000,0x000000076e280000,0x000000076e580000)
 ParOldGen       total 260608K, used 7639K [0x00000006c0e00000, 0x00000006d0c80000, 0x000000076af80000)
  object space 260608K, 2% used [0x00000006c0e00000,0x00000006c1575fe8,0x00000006d0c80000)
 Metaspace       used 13029K, capacity 13242K, committed 13440K, reserved 1060864K
  class space    used 1590K, capacity 1654K, committed 1664K, reserved 1048576K
Event: 1.778 GC heap after
Heap after GC invocations=16 (full 0):
 PSYoungGen      total 52224K, used 1344K [0x000000076af80000, 0x000000076e580000, 0x00000007c0000000)
  eden space 49152K, 0% used [0x000000076af80000,0x000000076af80000,0x000000076df80000)
  from space 3072K, 43% used [0x000000076e280000,0x000000076e3d0000,0x000000076e580000)
  to   space 3072K, 0% used [0x000000076df80000,0x000000076df80000,0x000000076e280000)
 ParOldGen       total 260608K, used 8959K [0x00000006c0e00000, 0x00000006d0c80000, 0x000000076af80000)
  object space 260608K, 3% used [0x00000006c0e00000,0x00000006c16bffe8,0x00000006d0c80000)
 Metaspace       used 13029K, capacity 13242K, committed 13440K, reserved 1060864K
  class space    used 1590K, capacity 1654K, committed 1664K, reserved 1048576K
}
Event: 2.479 GC heap before
{Heap before GC invocations=17 (full 0):
 PSYoungGen      total 52224K, used 50496K [0x000000076af80000, 0x000000076e580000, 0x00000007c0000000)
  eden space 49152K, 100% used [0x000000076af80000,0x000000076df80000,0x000000076df80000)
  from space 3072K, 43% used [0x000000076e280000,0x000000076e3d0000,0x000000076e580000)
  to   space 3072K, 0% used [0x000000076df80000,0x000000076df80000,0x000000076e280000)
 ParOldGen       total 260608K, used 8959K [0x00000006c0e00000, 0x00000006d0c80000, 0x000000076af80000)
  object space 260608K, 3% used [0x00000006c0e00000,0x00000006c16bffe8,0x00000006d0c80000)
 Metaspace       used 14737K, capacity 15208K, committed 15488K, reserved 1062912K
  class space    used 1765K, capacity 1903K, committed 1920K, reserved 1048576K
Event: 2.484 GC heap after
Heap after GC invocations=17 (full 0):
 PSYoungGen      total 52224K, used 3056K [0x000000076af80000, 0x000000076fa00000, 0x00000007c0000000)
  eden space 49152K, 0% used [0x000000076af80000,0x000000076af80000,0x000000076df80000)
  from space 3072K, 99% used [0x000000076df80000,0x000000076e27c3e8,0x000000076e280000)
  to   space 3584K, 0% used [0x000000076f680000,0x000000076f680000,0x000000076fa00000)
 ParOldGen       total 260608K, used 10071K [0x00000006c0e00000, 0x00000006d0c80000, 0x000000076af80000)
  object space 260608K, 3% used [0x00000006c0e00000,0x00000006c17d5fe8,0x00000006d0c80000)
 Metaspace       used 14737K, capacity 15208K, committed 15488K, reserved 1062912K
  class space    used 1765K, capacity 1903K, committed 1920K, reserved 1048576K
}

