# JRE version: Java(TM) SE Runtime Environment (8.0-b132) (build 1.8.0-b132)
# Java VM: Java HotSpot(TM) 64-Bit Server VM (25.0-b70 mixed mode windows-amd64 compressed oops)
Heap:
 PSYoungGen      total 150016K, used 84142K [0x000000076af80000, 0x0000000775f80000, 0x00000007c0000000)
  eden space 121856K, 69% used [0x000000076af80000,0x00000007701ab9b0,0x0000000772680000)
  from space 28160K, 0% used [0x0000000774400000,0x0000000774400000,0x0000000775f80000)
  to   space 29184K, 0% used [0x0000000772680000,0x0000000772680000,0x0000000774300000)
 ParOldGen       total 95232K, used 73370K [0x00000006c0e00000, 0x00000006c6b00000, 0x000000076af80000)
  object space 95232K, 77% used [0x00000006c0e00000,0x00000006c55a69b8,0x00000006c6b00000)
 Metaspace       used 20918K, capacity 21428K, committed 21504K, reserved 1069056K
  class space    used 2407K, capacity 2551K, committed 2560K, reserved 1048576K
GC Heap History (10 events):
Event: 4.716 GC heap before
{Heap before GC invocations=19 (full 0):
 PSYoungGen      total 71168K, used 71021K [0x000000076af80000, 0x000000076fd00000, 0x00000007c0000000)
  eden space 67584K, 99% used [0x000000076af80000,0x000000076f15cb48,0x000000076f180000)
  from space 3584K, 99% used [0x000000076f680000,0x000000076f9fe9b0,0x000000076fa00000)
  to   space 5120K, 0% used [0x000000076f180000,0x000000076f180000,0x000000076f680000)
 ParOldGen       total 260608K, used 13309K [0x00000006c0e00000, 0x00000006d0c80000, 0x000000076af80000)
  object space 260608K, 5% used [0x00000006c0e00000,0x00000006c1aff7a8,0x00000006d0c80000)
 Metaspace       used 18678K, capacity 19124K, committed 19328K, reserved 1067008K
  class space    used 2279K, capacity 2423K, committed 2432K, reserved 1048576K
Event: 4.759 GC heap after
Heap after GC invocations=19 (full 0):
 PSYoungGen      total 72704K, used 5108K [0x000000076af80000, 0x0000000772500000, 0x00000007c0000000)
  eden space 67584K, 0% used [0x000000076af80000,0x000000076af80000,0x000000076f180000)
  from space 5120K, 99% used [0x000000076f180000,0x000000076f67d358,0x000000076f680000)
  to   space 12800K, 0% used [0x0000000771880000,0x0000000771880000,0x0000000772500000)
 ParOldGen       total 260608K, used 32170K [0x00000006c0e00000, 0x00000006d0c80000, 0x000000076af80000)
  object space 260608K, 12% used [0x00000006c0e00000,0x00000006c2d6abf8,0x00000006d0c80000)
 Metaspace       used 18678K, capacity 19124K, committed 19328K, reserved 1067008K
  class space    used 2279K, capacity 2423K, committed 2432K, reserved 1048576K
}
Event: 5.192 GC heap before
{Heap before GC invocations=20 (full 0):
 PSYoungGen      total 72704K, used 72692K [0x000000076af80000, 0x0000000772500000, 0x00000007c0000000)
  eden space 67584K, 100% used [0x000000076af80000,0x000000076f180000,0x000000076f180000)
  from space 5120K, 99% used [0x000000076f180000,0x000000076f67d358,0x000000076f680000)
  to   space 12800K, 0% used [0x0000000771880000,0x0000000771880000,0x0000000772500000)
 ParOldGen       total 260608K, used 32170K [0x00000006c0e00000, 0x00000006d0c80000, 0x000000076af80000)
  object space 260608K, 12% used [0x00000006c0e00000,0x00000006c2d6abf8,0x00000006d0c80000)
 Metaspace       used 19151K, capacity 19636K, committed 19840K, reserved 1067008K
  class space    used 2301K, capacity 2423K, committed 2432K, reserved 1048576K
Event: 5.215 GC heap after
Heap after GC invocations=20 (full 0):
 PSYoungGen      total 99840K, used 12771K [0x000000076af80000, 0x0000000773400000, 0x00000007c0000000)
  eden space 87040K, 0% used [0x000000076af80000,0x000000076af80000,0x0000000770480000)
  from space 12800K, 99% used [0x0000000771880000,0x00000007724f8c88,0x0000000772500000)
  to   space 20480K, 0% used [0x0000000770480000,0x0000000770480000,0x0000000771880000)
 ParOldGen       total 260608K, used 46102K [0x00000006c0e00000, 0x00000006d0c80000, 0x000000076af80000)
  object space 260608K, 17% used [0x00000006c0e00000,0x00000006c3b05a48,0x00000006d0c80000)
 Metaspace       used 19151K, capacity 19636K, committed 19840K, reserved 1067008K
  class space    used 2301K, capacity 2423K, committed 2432K, reserved 1048576K
}
Event: 5.779 GC heap before
{Heap before GC invocations=21 (full 0):
 PSYoungGen      total 99840K, used 99811K [0x000000076af80000, 0x0000000773400000, 0x00000007c0000000)
  eden space 87040K, 100% used [0x000000076af80000,0x0000000770480000,0x0000000770480000)
  from space 12800K, 99% used [0x0000000771880000,0x00000007724f8c88,0x0000000772500000)
  to   space 20480K, 0% used [0x0000000770480000,0x0000000770480000,0x0000000771880000)
 ParOldGen       total 260608K, used 46102K [0x00000006c0e00000, 0x00000006d0c80000, 0x000000076af80000)
  object space 260608K, 17% used [0x00000006c0e00000,0x00000006c3b05a48,0x00000006d0c80000)
 Metaspace       used 19761K, capacity 20212K, committed 20480K, reserved 1067008K
  class space    used 2359K, capacity 2487K, committed 2560K, reserved 1048576K
Event: 5.819 GC heap after
Heap after GC invocations=21 (full 0):
 PSYoungGen      total 107520K, used 20460K [0x000000076af80000, 0x0000000776180000, 0x00000007c0000000)
  eden space 87040K, 0% used [0x000000076af80000,0x000000076af80000,0x0000000770480000)
  from space 20480K, 99% used [0x0000000770480000,0x000000077187b288,0x0000000771880000)
  to   space 30208K, 0% used [0x0000000774400000,0x0000000774400000,0x0000000776180000)
 ParOldGen       total 260608K, used 61478K [0x00000006c0e00000, 0x00000006d0c80000, 0x000000076af80000)
  object space 260608K, 23% used [0x00000006c0e00000,0x00000006c4a09928,0x00000006d0c80000)
 Metaspace       used 19761K, capacity 20212K, committed 20480K, reserved 1067008K
  class space    used 2359K, capacity 2487K, committed 2560K, reserved 1048576K
}
Event: 7.640 GC heap before
{Heap before GC invocations=22 (full 0):
 PSYoungGen      total 107520K, used 78657K [0x000000076af80000, 0x0000000776180000, 0x00000007c0000000)
  eden space 87040K, 66% used [0x000000076af80000,0x000000076e855420,0x0000000770480000)
  from space 20480K, 99% used [0x0000000770480000,0x000000077187b288,0x0000000771880000)
  to   space 30208K, 0% used [0x0000000774400000,0x0000000774400000,0x0000000776180000)
 ParOldGen       total 260608K, used 61478K [0x00000006c0e00000, 0x00000006d0c80000, 0x000000076af80000)
  object space 260608K, 23% used [0x00000006c0e00000,0x00000006c4a09928,0x00000006d0c80000)
 Metaspace       used 20749K, capacity 21172K, committed 21248K, reserved 1069056K
  class space    used 2406K, capacity 2551K, committed 2560K, reserved 1048576K
Event: 7.667 GC heap after
Heap after GC invocations=22 (full 0):
 PSYoungGen      total 150016K, used 2472K [0x000000076af80000, 0x0000000775f80000, 0x00000007c0000000)
  eden space 121856K, 0% used [0x000000076af80000,0x000000076af80000,0x0000000772680000)
  from space 28160K, 8% used [0x0000000774400000,0x000000077466a210,0x0000000775f80000)
  to   space 29184K, 0% used [0x0000000772680000,0x0000000772680000,0x0000000774300000)
 ParOldGen       total 260608K, used 81991K [0x00000006c0e00000, 0x00000006d0c80000, 0x000000076af80000)
  object space 260608K, 31% used [0x00000006c0e00000,0x00000006c5e11df8,0x00000006d0c80000)
 Metaspace       used 20749K, capacity 21172K, committed 21248K, reserved 1069056K
  class space    used 2406K, capacity 2551K, committed 2560K, reserved 1048576K
}
Event: 7.667 GC heap before
{Heap before GC invocations=23 (full 1):
 PSYoungGen      total 150016K, used 2472K [0x000000076af80000, 0x0000000775f80000, 0x00000007c0000000)
  eden space 121856K, 0% used [0x000000076af80000,0x000000076af80000,0x0000000772680000)
  from space 28160K, 8% used [0x0000000774400000,0x000000077466a210,0x0000000775f80000)
  to   space 29184K, 0% used [0x0000000772680000,0x0000000772680000,0x0000000774300000)
 ParOldGen       total 260608K, used 81991K [0x00000006c0e00000, 0x00000006d0c80000, 0x000000076af80000)
  object space 260608K, 31% used [0x00000006c0e00000,0x00000006c5e11df8,0x00000006d0c80000)
 Metaspace       used 20749K, capacity 21172K, committed 21248K, reserved 1069056K
  class space    used 2406K, capacity 2551K, committed 2560K, reserved 1048576K
Event: 7.938 GC heap after
Heap after GC invocations=23 (full 1):
 PSYoungGen      total 150016K, used 0K [0x000000076af80000, 0x0000000775f80000, 0x00000007c0000000)
  eden space 121856K, 0% used [0x000000076af80000,0x000000076af80000,0x0000000772680000)
  from space 28160K, 0% used [0x0000000774400000,0x0000000774400000,0x0000000775f80000)
  to   space 29184K, 0% used [0x0000000772680000,0x0000000772680000,0x0000000774300000)
 ParOldGen       total 95232K, used 73370K [0x00000006c0e00000, 0x00000006c6b00000, 0x000000076af80000)
  object space 95232K, 77% used [0x00000006c0e00000,0x00000006c55a69b8,0x00000006c6b00000)
 Metaspace       used 20749K, capacity 21172K, committed 21248K, reserved 1069056K
  class space    used 2406K, capacity 2551K, committed 2560K, reserved 1048576K
}

