# JRE version: Java(TM) SE Runtime Environment (8.0-b132) (build 1.8.0-b132)
# Java VM: Java HotSpot(TM) 64-Bit Server VM (25.0-b70 mixed mode windows-amd64 compressed oops)
Heap:
 PSYoungGen      total 8704K, used 2505K [0x000000076af80000, 0x000000076b980000, 0x00000007c0000000)
  eden space 7168K, 23% used [0x000000076af80000,0x000000076b1231f8,0x000000076b680000)
  from space 1536K, 53% used [0x000000076b800000,0x000000076b8cf420,0x000000076b980000)
  to   space 1536K, 0% used [0x000000076b680000,0x000000076b680000,0x000000076b800000)
 ParOldGen       total 260608K, used 1423K [0x00000006c0e00000, 0x00000006d0c80000, 0x000000076af80000)
  object space 260608K, 0% used [0x00000006c0e00000,0x00000006c0f63e50,0x00000006d0c80000)
 Metaspace       used 6563K, capacity 6748K, committed 6784K, reserved 1056768K
  class space    used 811K, capacity 888K, committed 896K, reserved 1048576K
GC Heap History (10 events):
Event: 0.119 GC heap before
{Heap before GC invocations=4 (full 0):
 PSYoungGen      total 1536K, used 1505K [0x000000076af80000, 0x000000076b280000, 0x00000007c0000000)
  eden space 1024K, 98% used [0x000000076af80000,0x000000076b07b730,0x000000076b080000)
  from space 512K, 97% used [0x000000076b080000,0x000000076b0fd0c8,0x000000076b100000)
  to   space 512K, 0% used [0x000000076b200000,0x000000076b200000,0x000000076b280000)
 ParOldGen       total 260608K, used 355K [0x00000006c0e00000, 0x00000006d0c80000, 0x000000076af80000)
  object space 260608K, 0% used [0x00000006c0e00000,0x00000006c0e58f58,0x00000006d0c80000)
 Metaspace       used 4112K, capacity 4940K, committed 5120K, reserved 1056768K
  class space    used 457K, capacity 504K, committed 512K, reserved 1048576K
Event: 0.120 GC heap after
Heap after GC invocations=4 (full 0):
 PSYoungGen      total 2560K, used 480K [0x000000076af80000, 0x000000076b280000, 0x00000007c0000000)
  eden space 2048K, 0% used [0x000000076af80000,0x000000076af80000,0x000000076b180000)
  from space 512K, 93% used [0x000000076b200000,0x000000076b278020,0x000000076b280000)
  to   space 512K, 0% used [0x000000076b180000,0x000000076b180000,0x000000076b200000)
 ParOldGen       total 260608K, used 654K [0x00000006c0e00000, 0x00000006d0c80000, 0x000000076af80000)
  object space 260608K, 0% used [0x00000006c0e00000,0x00000006c0ea3928,0x00000006d0c80000)
 Metaspace       used 4112K, capacity 4940K, committed 5120K, reserved 1056768K
  class space    used 457K, capacity 504K, committed 512K, reserved 1048576K
}
Event: 0.149 GC heap before
{Heap before GC invocations=5 (full 0):
 PSYoungGen      total 2560K, used 2528K [0x000000076af80000, 0x000000076b280000, 0x00000007c0000000)
  eden space 2048K, 100% used [0x000000076af80000,0x000000076b180000,0x000000076b180000)
  from space 512K, 93% used [0x000000076b200000,0x000000076b278020,0x000000076b280000)
  to   space 512K, 0% used [0x000000076b180000,0x000000076b180000,0x000000076b200000)
 ParOldGen       total 260608K, used 654K [0x00000006c0e00000, 0x00000006d0c80000, 0x000000076af80000)
  object space 260608K, 0% used [0x00000006c0e00000,0x00000006c0ea3928,0x00000006d0c80000)
 Metaspace       used 4445K, capacity 5196K, committed 5504K, reserved 1056768K
  class space    used 506K, capacity 568K, committed 640K, reserved 1048576K
Event: 0.150 GC heap after
Heap after GC invocations=5 (full 0):
 PSYoungGen      total 2560K, used 496K [0x000000076af80000, 0x000000076b580000, 0x00000007c0000000)
  eden space 2048K, 0% used [0x000000076af80000,0x000000076af80000,0x000000076b180000)
  from space 512K, 96% used [0x000000076b180000,0x000000076b1fc010,0x000000076b200000)
  to   space 1024K, 0% used [0x000000076b480000,0x000000076b480000,0x000000076b580000)
 ParOldGen       total 260608K, used 983K [0x00000006c0e00000, 0x00000006d0c80000, 0x000000076af80000)
  object space 260608K, 0% used [0x00000006c0e00000,0x00000006c0ef5e00,0x00000006d0c80000)
 Metaspace       used 4445K, capacity 5196K, committed 5504K, reserved 1056768K
  class space    used 506K, capacity 568K, committed 640K, reserved 1048576K
}
Event: 0.182 GC heap before
{Heap before GC invocations=6 (full 0):
 PSYoungGen      total 2560K, used 2544K [0x000000076af80000, 0x000000076b580000, 0x00000007c0000000)
  eden space 2048K, 100% used [0x000000076af80000,0x000000076b180000,0x000000076b180000)
  from space 512K, 96% used [0x000000076b180000,0x000000076b1fc010,0x000000076b200000)
  to   space 1024K, 0% used [0x000000076b480000,0x000000076b480000,0x000000076b580000)
 ParOldGen       total 260608K, used 983K [0x00000006c0e00000, 0x00000006d0c80000, 0x000000076af80000)
  object space 260608K, 0% used [0x00000006c0e00000,0x00000006c0ef5e00,0x00000006d0c80000)
 Metaspace       used 5005K, capacity 5516K, committed 5760K, reserved 1056768K
  class space    used 584K, capacity 632K, committed 640K, reserved 1048576K
Event: 0.183 GC heap after
Heap after GC invocations=6 (full 0):
 PSYoungGen      total 4608K, used 941K [0x000000076af80000, 0x000000076b680000, 0x00000007c0000000)
  eden space 3584K, 0% used [0x000000076af80000,0x000000076af80000,0x000000076b300000)
  from space 1024K, 91% used [0x000000076b480000,0x000000076b56b458,0x000000076b580000)
  to   space 1536K, 0% used [0x000000076b300000,0x000000076b300000,0x000000076b480000)
 ParOldGen       total 260608K, used 991K [0x00000006c0e00000, 0x00000006d0c80000, 0x000000076af80000)
  object space 260608K, 0% used [0x00000006c0e00000,0x00000006c0ef7e00,0x00000006d0c80000)
 Metaspace       used 5005K, capacity 5516K, committed 5760K, reserved 1056768K
  class space    used 584K, capacity 632K, committed 640K, reserved 1048576K
}
Event: 0.225 GC heap before
{Heap before GC invocations=7 (full 0):
 PSYoungGen      total 4608K, used 4518K [0x000000076af80000, 0x000000076b680000, 0x00000007c0000000)
  eden space 3584K, 99% used [0x000000076af80000,0x000000076b2fe510,0x000000076b300000)
  from space 1024K, 91% used [0x000000076b480000,0x000000076b56b458,0x000000076b580000)
  to   space 1536K, 0% used [0x000000076b300000,0x000000076b300000,0x000000076b480000)
 ParOldGen       total 260608K, used 991K [0x00000006c0e00000, 0x00000006d0c80000, 0x000000076af80000)
  object space 260608K, 0% used [0x00000006c0e00000,0x00000006c0ef7e00,0x00000006d0c80000)
 Metaspace       used 5670K, capacity 6060K, committed 6144K, reserved 1056768K
  class space    used 687K, capacity 728K, committed 768K, reserved 1048576K
Event: 0.226 GC heap after
Heap after GC invocations=7 (full 0):
 PSYoungGen      total 5120K, used 1043K [0x000000076af80000, 0x000000076b980000, 0x00000007c0000000)
  eden space 3584K, 0% used [0x000000076af80000,0x000000076af80000,0x000000076b300000)
  from space 1536K, 67% used [0x000000076b300000,0x000000076b404e80,0x000000076b480000)
  to   space 1536K, 0% used [0x000000076b800000,0x000000076b800000,0x000000076b980000)
 ParOldGen       total 260608K, used 1239K [0x00000006c0e00000, 0x00000006d0c80000, 0x000000076af80000)
  object space 260608K, 0% used [0x00000006c0e00000,0x00000006c0f35e50,0x00000006d0c80000)
 Metaspace       used 5670K, capacity 6060K, committed 6144K, reserved 1056768K
  class space    used 687K, capacity 728K, committed 768K, reserved 1048576K
}
Event: 0.277 GC heap before
{Heap before GC invocations=8 (full 0):
 PSYoungGen      total 5120K, used 4627K [0x000000076af80000, 0x000000076b980000, 0x00000007c0000000)
  eden space 3584K, 100% used [0x000000076af80000,0x000000076b300000,0x000000076b300000)
  from space 1536K, 67% used [0x000000076b300000,0x000000076b404e80,0x000000076b480000)
  to   space 1536K, 0% used [0x000000076b800000,0x000000076b800000,0x000000076b980000)
 ParOldGen       total 260608K, used 1239K [0x00000006c0e00000, 0x00000006d0c80000, 0x000000076af80000)
  object space 260608K, 0% used [0x00000006c0e00000,0x00000006c0f35e50,0x00000006d0c80000)
 Metaspace       used 6491K, capacity 6588K, committed 6784K, reserved 1056768K
  class space    used 803K, capacity 856K, committed 896K, reserved 1048576K
Event: 0.278 GC heap after
Heap after GC invocations=8 (full 0):
 PSYoungGen      total 8704K, used 829K [0x000000076af80000, 0x000000076b980000, 0x00000007c0000000)
  eden space 7168K, 0% used [0x000000076af80000,0x000000076af80000,0x000000076b680000)
  from space 1536K, 53% used [0x000000076b800000,0x000000076b8cf420,0x000000076b980000)
  to   space 1536K, 0% used [0x000000076b680000,0x000000076b680000,0x000000076b800000)
 ParOldGen       total 260608K, used 1423K [0x00000006c0e00000, 0x00000006d0c80000, 0x000000076af80000)
  object space 260608K, 0% used [0x00000006c0e00000,0x00000006c0f63e50,0x00000006d0c80000)
 Metaspace       used 6491K, capacity 6588K, committed 6784K, reserved 1056768K
  class space    used 803K, capacity 856K, committed 896K, reserved 1048576K
}

