# JRE version: Java(TM) SE Runtime Environment (8.0-b132) (build 1.8.0-b132)
# Java VM: Java HotSpot(TM) 64-Bit Server VM (25.0-b70 mixed mode windows-amd64 compressed oops)
Heap:
 PSYoungGen      total 351232K, used 26684K [0x000000076af80000, 0x0000000782180000, 0x00000007c0000000)
  eden space 341504K, 6% used [0x000000076af80000,0x000000076c409f70,0x000000077fd00000)
  from space 9728K, 58% used [0x000000077fd00000,0x0000000780285318,0x0000000780680000)
  to   space 9216K, 0% used [0x0000000781880000,0x0000000781880000,0x0000000782180000)
 ParOldGen       total 38912K, used 23805K [0x00000006c0e00000, 0x00000006c3400000, 0x000000076af80000)
  object space 38912K, 61% used [0x00000006c0e00000,0x00000006c253f660,0x00000006c3400000)
 Metaspace       used 28982K, capacity 29472K, committed 29696K, reserved 1075200K
  class space    used 3351K, capacity 3480K, committed 3584K, reserved 1048576K
GC Heap History (10 events):
Event: 12.822 GC heap before
{Heap before GC invocations=89 (full 24):
 PSYoungGen      total 316928K, used 310624K [0x000000076af80000, 0x000000077f080000, 0x00000007c0000000)
  eden space 306176K, 100% used [0x000000076af80000,0x000000077da80000,0x000000077da80000)
  from space 10752K, 41% used [0x000000077e600000,0x000000077ea58000,0x000000077f080000)
  to   space 11264K, 0% used [0x000000077da80000,0x000000077da80000,0x000000077e580000)
 ParOldGen       total 38912K, used 23149K [0x00000006c0e00000, 0x00000006c3400000, 0x000000076af80000)
  object space 38912K, 59% used [0x00000006c0e00000,0x00000006c249b660,0x00000006c3400000)
 Metaspace       used 28852K, capacity 29238K, committed 29568K, reserved 1075200K
  class space    used 3337K, capacity 3409K, committed 3456K, reserved 1048576K
Event: 12.829 GC heap after
Heap after GC invocations=89 (full 24):
 PSYoungGen      total 317440K, used 4928K [0x000000076af80000, 0x0000000780100000, 0x00000007c0000000)
  eden space 306176K, 0% used [0x000000076af80000,0x000000076af80000,0x000000077da80000)
  from space 11264K, 43% used [0x000000077da80000,0x000000077df50000,0x000000077e580000)
  to   space 10752K, 0% used [0x000000077f680000,0x000000077f680000,0x0000000780100000)
 ParOldGen       total 38912K, used 23189K [0x00000006c0e00000, 0x00000006c3400000, 0x000000076af80000)
  object space 38912K, 59% used [0x00000006c0e00000,0x00000006c24a5660,0x00000006c3400000)
 Metaspace       used 28852K, capacity 29238K, committed 29568K, reserved 1075200K
  class space    used 3337K, capacity 3409K, committed 3456K, reserved 1048576K
}
Event: 13.073 GC heap before
{Heap before GC invocations=90 (full 24):
 PSYoungGen      total 317440K, used 311104K [0x000000076af80000, 0x0000000780100000, 0x00000007c0000000)
  eden space 306176K, 100% used [0x000000076af80000,0x000000077da80000,0x000000077da80000)
  from space 11264K, 43% used [0x000000077da80000,0x000000077df50000,0x000000077e580000)
  to   space 10752K, 0% used [0x000000077f680000,0x000000077f680000,0x0000000780100000)
 ParOldGen       total 38912K, used 23189K [0x00000006c0e00000, 0x00000006c3400000, 0x000000076af80000)
  object space 38912K, 59% used [0x00000006c0e00000,0x00000006c24a5660,0x00000006c3400000)
 Metaspace       used 28875K, capacity 29314K, committed 29568K, reserved 1075200K
  class space    used 3340K, capacity 3411K, committed 3456K, reserved 1048576K
Event: 13.081 GC heap after
Heap after GC invocations=90 (full 24):
 PSYoungGen      total 332800K, used 4992K [0x000000076af80000, 0x000000077ff80000, 0x00000007c0000000)
  eden space 323584K, 0% used [0x000000076af80000,0x000000076af80000,0x000000077eb80000)
  from space 9216K, 54% used [0x000000077f680000,0x000000077fb60000,0x000000077ff80000)
  to   space 10240K, 0% used [0x000000077eb80000,0x000000077eb80000,0x000000077f580000)
 ParOldGen       total 38912K, used 23261K [0x00000006c0e00000, 0x00000006c3400000, 0x000000076af80000)
  object space 38912K, 59% used [0x00000006c0e00000,0x00000006c24b7660,0x00000006c3400000)
 Metaspace       used 28875K, capacity 29314K, committed 29568K, reserved 1075200K
  class space    used 3340K, capacity 3411K, committed 3456K, reserved 1048576K
}
Event: 13.346 GC heap before
{Heap before GC invocations=91 (full 24):
 PSYoungGen      total 332800K, used 328576K [0x000000076af80000, 0x000000077ff80000, 0x00000007c0000000)
  eden space 323584K, 100% used [0x000000076af80000,0x000000077eb80000,0x000000077eb80000)
  from space 9216K, 54% used [0x000000077f680000,0x000000077fb60000,0x000000077ff80000)
  to   space 10240K, 0% used [0x000000077eb80000,0x000000077eb80000,0x000000077f580000)
 ParOldGen       total 38912K, used 23261K [0x00000006c0e00000, 0x00000006c3400000, 0x000000076af80000)
  object space 38912K, 59% used [0x00000006c0e00000,0x00000006c24b7660,0x00000006c3400000)
 Metaspace       used 28889K, capacity 29320K, committed 29568K, reserved 1075200K
  class space    used 3341K, capacity 3412K, committed 3456K, reserved 1048576K
Event: 13.354 GC heap after
Heap after GC invocations=91 (full 24):
 PSYoungGen      total 333824K, used 5140K [0x000000076af80000, 0x0000000781080000, 0x00000007c0000000)
  eden space 323584K, 0% used [0x000000076af80000,0x000000076af80000,0x000000077eb80000)
  from space 10240K, 50% used [0x000000077eb80000,0x000000077f085010,0x000000077f580000)
  to   space 9728K, 0% used [0x0000000780700000,0x0000000780700000,0x0000000781080000)
 ParOldGen       total 38912K, used 23357K [0x00000006c0e00000, 0x00000006c3400000, 0x000000076af80000)
  object space 38912K, 60% used [0x00000006c0e00000,0x00000006c24cf660,0x00000006c3400000)
 Metaspace       used 28889K, capacity 29320K, committed 29568K, reserved 1075200K
  class space    used 3341K, capacity 3412K, committed 3456K, reserved 1048576K
}
Event: 13.605 GC heap before
{Heap before GC invocations=92 (full 24):
 PSYoungGen      total 333824K, used 328724K [0x000000076af80000, 0x0000000781080000, 0x00000007c0000000)
  eden space 323584K, 100% used [0x000000076af80000,0x000000077eb80000,0x000000077eb80000)
  from space 10240K, 50% used [0x000000077eb80000,0x000000077f085010,0x000000077f580000)
  to   space 9728K, 0% used [0x0000000780700000,0x0000000780700000,0x0000000781080000)
 ParOldGen       total 38912K, used 23357K [0x00000006c0e00000, 0x00000006c3400000, 0x000000076af80000)
  object space 38912K, 60% used [0x00000006c0e00000,0x00000006c24cf660,0x00000006c3400000)
 Metaspace       used 28910K, capacity 29384K, committed 29696K, reserved 1075200K
  class space    used 3344K, capacity 3476K, committed 3584K, reserved 1048576K
Event: 13.612 GC heap after
Heap after GC invocations=92 (full 24):
 PSYoungGen      total 350720K, used 4628K [0x000000076af80000, 0x0000000781000000, 0x00000007c0000000)
  eden space 341504K, 0% used [0x000000076af80000,0x000000076af80000,0x000000077fd00000)
  from space 9216K, 50% used [0x0000000780700000,0x0000000780b85010,0x0000000781000000)
  to   space 9728K, 0% used [0x000000077fd00000,0x000000077fd00000,0x0000000780680000)
 ParOldGen       total 38912K, used 23405K [0x00000006c0e00000, 0x00000006c3400000, 0x000000076af80000)
  object space 38912K, 60% used [0x00000006c0e00000,0x00000006c24db660,0x00000006c3400000)
 Metaspace       used 28910K, capacity 29384K, committed 29696K, reserved 1075200K
  class space    used 3344K, capacity 3476K, committed 3584K, reserved 1048576K
}
Event: 13.895 GC heap before
{Heap before GC invocations=93 (full 24):
 PSYoungGen      total 350720K, used 346132K [0x000000076af80000, 0x0000000781000000, 0x00000007c0000000)
  eden space 341504K, 100% used [0x000000076af80000,0x000000077fd00000,0x000000077fd00000)
  from space 9216K, 50% used [0x0000000780700000,0x0000000780b85010,0x0000000781000000)
  to   space 9728K, 0% used [0x000000077fd00000,0x000000077fd00000,0x0000000780680000)
 ParOldGen       total 38912K, used 23405K [0x00000006c0e00000, 0x00000006c3400000, 0x000000076af80000)
  object space 38912K, 60% used [0x00000006c0e00000,0x00000006c24db660,0x00000006c3400000)
 Metaspace       used 28982K, capacity 29472K, committed 29696K, reserved 1075200K
  class space    used 3351K, capacity 3480K, committed 3584K, reserved 1048576K
Event: 13.904 GC heap after
Heap after GC invocations=93 (full 24):
 PSYoungGen      total 351232K, used 5652K [0x000000076af80000, 0x0000000782180000, 0x00000007c0000000)
  eden space 341504K, 0% used [0x000000076af80000,0x000000076af80000,0x000000077fd00000)
  from space 9728K, 58% used [0x000000077fd00000,0x0000000780285318,0x0000000780680000)
  to   space 9216K, 0% used [0x0000000781880000,0x0000000781880000,0x0000000782180000)
 ParOldGen       total 38912K, used 23805K [0x00000006c0e00000, 0x00000006c3400000, 0x000000076af80000)
  object space 38912K, 61% used [0x00000006c0e00000,0x00000006c253f660,0x00000006c3400000)
 Metaspace       used 28982K, capacity 29472K, committed 29696K, reserved 1075200K
  class space    used 3351K, capacity 3480K, committed 3584K, reserved 1048576K
}

